<?xml version="1.0" encoding="UTF-8"?>
<testsuite name="com.test.TestPerson" tests="1" skipped="0" failures="0" errors="0" timestamp="2015-11-16T08:00:10" hostname="ShawnChen-PC" time="0.002">
  <properties/>
  <testcase name="test" classname="com.test.TestPerson" time="0.002"/>
  <system-out><![CDATA[Shawn Shawn
]]></system-out>
  <system-err><![CDATA[]]></system-err>
</testsuite>
